# JRE version: Java(TM) SE Runtime Environment (8.0_181-b13) (build 1.8.0_181-b13)
# Java VM: Java HotSpot(TM) 64-Bit Server VM (25.181-b13 mixed mode windows-amd64 compressed oops)
Heap:
 PSYoungGen      total 2624000K, used 1628811K [0x0000000715b80000, 0x00000007c0000000, 0x00000007c0000000)
  eden space 2517504K, 60% used [0x0000000715b80000,0x0000000772a28c38,0x00000007af600000)
  from space 106496K, 99% used [0x00000007af600000,0x00000007b5dfa020,0x00000007b5e00000)
  to   space 142336K, 0% used [0x00000007b7500000,0x00000007b7500000,0x00000007c0000000)
 ParOldGen       total 304128K, used 241870K [0x00000005c1200000, 0x00000005d3b00000, 0x0000000715b80000)
  object space 304128K, 79% used [0x00000005c1200000,0x00000005cfe33a60,0x00000005d3b00000)
 Metaspace       used 31242K, capacity 31666K, committed 32128K, reserved 1077248K
  class space    used 3752K, capacity 3856K, committed 3968K, reserved 1048576K
GC Heap History (10 events):
Event: 293.950 GC heap before
{Heap before GC invocations=17 (full 2):
 PSYoungGen      total 1612800K, used 1580729K [0x0000000715b80000, 0x000000077ee00000, 0x00000007c0000000)
  eden space 1507840K, 100% used [0x0000000715b80000,0x0000000771c00000,0x0000000771c00000)
  from space 104960K, 69% used [0x0000000778780000,0x000000077ceae770,0x000000077ee00000)
  to   space 107520K, 0% used [0x0000000771c00000,0x0000000771c00000,0x0000000778500000)
 ParOldGen       total 304128K, used 206966K [0x00000005c1200000, 0x00000005d3b00000, 0x0000000715b80000)
  object space 304128K, 68% used [0x00000005c1200000,0x00000005cdc1da60,0x00000005d3b00000)
 Metaspace       used 30692K, capacity 31154K, committed 31616K, reserved 1077248K
  class space    used 3749K, capacity 3856K, committed 3968K, reserved 1048576K
Event: 294.025 GC heap after
Heap after GC invocations=17 (full 2):
 PSYoungGen      total 1615360K, used 83897K [0x0000000715b80000, 0x00000007b2280000, 0x00000007c0000000)
  eden space 1507840K, 0% used [0x0000000715b80000,0x0000000715b80000,0x0000000771c00000)
  from space 107520K, 78% used [0x0000000771c00000,0x0000000776dee770,0x0000000778500000)
  to   space 112128K, 0% used [0x00000007ab500000,0x00000007ab500000,0x00000007b2280000)
 ParOldGen       total 304128K, used 225950K [0x00000005c1200000, 0x00000005d3b00000, 0x0000000715b80000)
  object space 304128K, 74% used [0x00000005c1200000,0x00000005ceea7a60,0x00000005d3b00000)
 Metaspace       used 30692K, capacity 31154K, committed 31616K, reserved 1077248K
  class space    used 3749K, capacity 3856K, committed 3968K, reserved 1048576K
}
Event: 296.051 GC heap before
{Heap before GC invocations=18 (full 2):
 PSYoungGen      total 1615360K, used 1591737K [0x0000000715b80000, 0x00000007b2280000, 0x00000007c0000000)
  eden space 1507840K, 100% used [0x0000000715b80000,0x0000000771c00000,0x0000000771c00000)
  from space 107520K, 78% used [0x0000000771c00000,0x0000000776dee770,0x0000000778500000)
  to   space 112128K, 0% used [0x00000007ab500000,0x00000007ab500000,0x00000007b2280000)
 ParOldGen       total 304128K, used 225950K [0x00000005c1200000, 0x00000005d3b00000, 0x0000000715b80000)
  object space 304128K, 74% used [0x00000005c1200000,0x00000005ceea7a60,0x00000005d3b00000)
 Metaspace       used 30808K, capacity 31218K, committed 31616K, reserved 1077248K
  class space    used 3750K, capacity 3856K, committed 3968K, reserved 1048576K
Event: 296.103 GC heap after
Heap after GC invocations=18 (full 2):
 PSYoungGen      total 2441728K, used 87417K [0x0000000715b80000, 0x00000007b2280000, 0x00000007c0000000)
  eden space 2329600K, 0% used [0x0000000715b80000,0x0000000715b80000,0x00000007a3e80000)
  from space 112128K, 77% used [0x00000007ab500000,0x00000007b0a5e770,0x00000007b2280000)
  to   space 116736K, 0% used [0x00000007a3e80000,0x00000007a3e80000,0x00000007ab080000)
 ParOldGen       total 304128K, used 236054K [0x00000005c1200000, 0x00000005d3b00000, 0x0000000715b80000)
  object space 304128K, 77% used [0x00000005c1200000,0x00000005cf885a60,0x00000005d3b00000)
 Metaspace       used 30808K, capacity 31218K, committed 31616K, reserved 1077248K
  class space    used 3750K, capacity 3856K, committed 3968K, reserved 1048576K
}
Event: 299.808 GC heap before
{Heap before GC invocations=19 (full 2):
 PSYoungGen      total 2441728K, used 2417017K [0x0000000715b80000, 0x00000007b2280000, 0x00000007c0000000)
  eden space 2329600K, 100% used [0x0000000715b80000,0x00000007a3e80000,0x00000007a3e80000)
  from space 112128K, 77% used [0x00000007ab500000,0x00000007b0a5e770,0x00000007b2280000)
  to   space 116736K, 0% used [0x00000007a3e80000,0x00000007a3e80000,0x00000007ab080000)
 ParOldGen       total 304128K, used 236054K [0x00000005c1200000, 0x00000005d3b00000, 0x0000000715b80000)
  object space 304128K, 77% used [0x00000005c1200000,0x00000005cf885a60,0x00000005d3b00000)
 Metaspace       used 30917K, capacity 31346K, committed 31616K, reserved 1077248K
  class space    used 3750K, capacity 3856K, committed 3968K, reserved 1048576K
Event: 299.895 GC heap after
Heap after GC invocations=19 (full 2):
 PSYoungGen      total 2446336K, used 106875K [0x0000000715b80000, 0x00000007c0000000, 0x00000007c0000000)
  eden space 2329600K, 0% used [0x0000000715b80000,0x0000000715b80000,0x00000007a3e80000)
  from space 116736K, 91% used [0x00000007a3e80000,0x00000007aa6dee30,0x00000007ab080000)
  to   space 127488K, 0% used [0x00000007b8380000,0x00000007b8380000,0x00000007c0000000)
 ParOldGen       total 304128K, used 237142K [0x00000005c1200000, 0x00000005d3b00000, 0x0000000715b80000)
  object space 304128K, 77% used [0x00000005c1200000,0x00000005cf995a60,0x00000005d3b00000)
 Metaspace       used 30917K, capacity 31346K, committed 31616K, reserved 1077248K
  class space    used 3750K, capacity 3856K, committed 3968K, reserved 1048576K
}
Event: 303.255 GC heap before
{Heap before GC invocations=20 (full 2):
 PSYoungGen      total 2446336K, used 2436475K [0x0000000715b80000, 0x00000007c0000000, 0x00000007c0000000)
  eden space 2329600K, 100% used [0x0000000715b80000,0x00000007a3e80000,0x00000007a3e80000)
  from space 116736K, 91% used [0x00000007a3e80000,0x00000007aa6dee30,0x00000007ab080000)
  to   space 127488K, 0% used [0x00000007b8380000,0x00000007b8380000,0x00000007c0000000)
 ParOldGen       total 304128K, used 237142K [0x00000005c1200000, 0x00000005d3b00000, 0x0000000715b80000)
  object space 304128K, 77% used [0x00000005c1200000,0x00000005cf995a60,0x00000005d3b00000)
 Metaspace       used 31075K, capacity 31538K, committed 31872K, reserved 1077248K
  class space    used 3750K, capacity 3856K, committed 3968K, reserved 1048576K
Event: 303.341 GC heap after
Heap after GC invocations=20 (full 2):
 PSYoungGen      total 2644992K, used 106557K [0x0000000715b80000, 0x00000007c0000000, 0x00000007c0000000)
  eden space 2517504K, 0% used [0x0000000715b80000,0x0000000715b80000,0x00000007af600000)
  from space 127488K, 83% used [0x00000007b8380000,0x00000007beb8f4b0,0x00000007c0000000)
  to   space 136192K, 0% used [0x00000007af600000,0x00000007af600000,0x00000007b7b00000)
 ParOldGen       total 304128K, used 239246K [0x00000005c1200000, 0x00000005d3b00000, 0x0000000715b80000)
  object space 304128K, 78% used [0x00000005c1200000,0x00000005cfba3a60,0x00000005d3b00000)
 Metaspace       used 31075K, capacity 31538K, committed 31872K, reserved 1077248K
  class space    used 3750K, capacity 3856K, committed 3968K, reserved 1048576K
}
Event: 306.528 GC heap before
{Heap before GC invocations=21 (full 2):
 PSYoungGen      total 2644992K, used 2624061K [0x0000000715b80000, 0x00000007c0000000, 0x00000007c0000000)
  eden space 2517504K, 100% used [0x0000000715b80000,0x00000007af600000,0x00000007af600000)
  from space 127488K, 83% used [0x00000007b8380000,0x00000007beb8f4b0,0x00000007c0000000)
  to   space 136192K, 0% used [0x00000007af600000,0x00000007af600000,0x00000007b7b00000)
 ParOldGen       total 304128K, used 239246K [0x00000005c1200000, 0x00000005d3b00000, 0x0000000715b80000)
  object space 304128K, 78% used [0x00000005c1200000,0x00000005cfba3a60,0x00000005d3b00000)
 Metaspace       used 31157K, capacity 31602K, committed 31872K, reserved 1077248K
  class space    used 3750K, capacity 3856K, committed 3968K, reserved 1048576K
Event: 306.608 GC heap after
Heap after GC invocations=21 (full 2):
 PSYoungGen      total 2624000K, used 106472K [0x0000000715b80000, 0x00000007c0000000, 0x00000007c0000000)
  eden space 2517504K, 0% used [0x0000000715b80000,0x0000000715b80000,0x00000007af600000)
  from space 106496K, 99% used [0x00000007af600000,0x00000007b5dfa020,0x00000007b5e00000)
  to   space 142336K, 0% used [0x00000007b7500000,0x00000007b7500000,0x00000007c0000000)
 ParOldGen       total 304128K, used 241870K [0x00000005c1200000, 0x00000005d3b00000, 0x0000000715b80000)
  object space 304128K, 79% used [0x00000005c1200000,0x00000005cfe33a60,0x00000005d3b00000)
 Metaspace       used 31157K, capacity 31602K, committed 31872K, reserved 1077248K
  class space    used 3750K, capacity 3856K, committed 3968K, reserved 1048576K
}

