# JRE version: Java(TM) SE Runtime Environment (8.0_181-b13) (build 1.8.0_181-b13)
# Java VM: Java HotSpot(TM) 64-Bit Server VM (25.181-b13 mixed mode windows-amd64 compressed oops)
Heap:
 PSYoungGen      total 2584576K, used 1659553K [0x0000000715b80000, 0x00000007bf000000, 0x00000007c0000000)
  eden space 2401280K, 69% used [0x0000000715b80000,0x000000077b028410,0x00000007a8480000)
  from space 183296K, 0% used [0x00000007a8480000,0x00000007a8480000,0x00000007b3780000)
  to   space 177664K, 0% used [0x00000007b4280000,0x00000007b4280000,0x00000007bf000000)
 ParOldGen       total 813056K, used 536673K [0x00000005c1200000, 0x00000005f2c00000, 0x0000000715b80000)
  object space 813056K, 66% used [0x00000005c1200000,0x00000005e1e18680,0x00000005f2c00000)
 Metaspace       used 32997K, capacity 33450K, committed 33664K, reserved 1079296K
  class space    used 3832K, capacity 3940K, committed 3968K, reserved 1048576K
GC Heap History (10 events):
Event: 2240.941 GC heap before
{Heap before GC invocations=43 (full 3):
 PSYoungGen      total 2558464K, used 2461996K [0x0000000715b80000, 0x00000007bed80000, 0x00000007c0000000)
  eden space 2352640K, 100% used [0x0000000715b80000,0x00000007a5500000,0x00000007a5500000)
  from space 205824K, 53% used [0x00000007a5500000,0x00000007abfcb3b8,0x00000007b1e00000)
  to   space 199680K, 0% used [0x00000007b2a80000,0x00000007b2a80000,0x00000007bed80000)
 ParOldGen       total 544256K, used 444931K [0x00000005c1200000, 0x00000005e2580000, 0x0000000715b80000)
  object space 544256K, 81% used [0x00000005c1200000,0x00000005dc480d50,0x00000005e2580000)
 Metaspace       used 32494K, capacity 32928K, committed 33152K, reserved 1079296K
  class space    used 3819K, capacity 3937K, committed 3968K, reserved 1048576K
Event: 2241.000 GC heap after
Heap after GC invocations=43 (full 3):
 PSYoungGen      total 2576896K, used 107916K [0x0000000715b80000, 0x00000007bef00000, 0x00000007c0000000)
  eden space 2377216K, 0% used [0x0000000715b80000,0x0000000715b80000,0x00000007a6d00000)
  from space 199680K, 54% used [0x00000007b2a80000,0x00000007b93e33b8,0x00000007bed80000)
  to   space 194048K, 0% used [0x00000007a6d00000,0x00000007a6d00000,0x00000007b2a80000)
 ParOldGen       total 544256K, used 463115K [0x00000005c1200000, 0x00000005e2580000, 0x0000000715b80000)
  object space 544256K, 85% used [0x00000005c1200000,0x00000005dd642d50,0x00000005e2580000)
 Metaspace       used 32494K, capacity 32928K, committed 33152K, reserved 1079296K
  class space    used 3819K, capacity 3937K, committed 3968K, reserved 1048576K
}
Event: 2243.534 GC heap before
{Heap before GC invocations=44 (full 3):
 PSYoungGen      total 2576896K, used 2485132K [0x0000000715b80000, 0x00000007bef00000, 0x00000007c0000000)
  eden space 2377216K, 100% used [0x0000000715b80000,0x00000007a6d00000,0x00000007a6d00000)
  from space 199680K, 54% used [0x00000007b2a80000,0x00000007b93e33b8,0x00000007bed80000)
  to   space 194048K, 0% used [0x00000007a6d00000,0x00000007a6d00000,0x00000007b2a80000)
 ParOldGen       total 544256K, used 463115K [0x00000005c1200000, 0x00000005e2580000, 0x0000000715b80000)
  object space 544256K, 85% used [0x00000005c1200000,0x00000005dd642d50,0x00000005e2580000)
 Metaspace       used 32508K, capacity 32928K, committed 33152K, reserved 1079296K
  class space    used 3819K, capacity 3937K, committed 3968K, reserved 1048576K
Event: 2243.582 GC heap after
Heap after GC invocations=44 (full 3):
 PSYoungGen      total 2571264K, used 109900K [0x0000000715b80000, 0x00000007bef80000, 0x00000007c0000000)
  eden space 2377216K, 0% used [0x0000000715b80000,0x0000000715b80000,0x00000007a6d00000)
  from space 194048K, 56% used [0x00000007a6d00000,0x00000007ad8533b8,0x00000007b2a80000)
  to   space 188416K, 0% used [0x00000007b3780000,0x00000007b3780000,0x00000007bef80000)
 ParOldGen       total 544256K, used 481763K [0x00000005c1200000, 0x00000005e2580000, 0x0000000715b80000)
  object space 544256K, 88% used [0x00000005c1200000,0x00000005de878d50,0x00000005e2580000)
 Metaspace       used 32508K, capacity 32928K, committed 33152K, reserved 1079296K
  class space    used 3819K, capacity 3937K, committed 3968K, reserved 1048576K
}
Event: 2246.094 GC heap before
{Heap before GC invocations=45 (full 3):
 PSYoungGen      total 2571264K, used 2487116K [0x0000000715b80000, 0x00000007bef80000, 0x00000007c0000000)
  eden space 2377216K, 100% used [0x0000000715b80000,0x00000007a6d00000,0x00000007a6d00000)
  from space 194048K, 56% used [0x00000007a6d00000,0x00000007ad8533b8,0x00000007b2a80000)
  to   space 188416K, 0% used [0x00000007b3780000,0x00000007b3780000,0x00000007bef80000)
 ParOldGen       total 544256K, used 481763K [0x00000005c1200000, 0x00000005e2580000, 0x0000000715b80000)
  object space 544256K, 88% used [0x00000005c1200000,0x00000005de878d50,0x00000005e2580000)
 Metaspace       used 32604K, capacity 33056K, committed 33408K, reserved 1079296K
  class space    used 3819K, capacity 3937K, committed 3968K, reserved 1048576K
Event: 2246.144 GC heap after
Heap after GC invocations=45 (full 3):
 PSYoungGen      total 2589696K, used 109085K [0x0000000715b80000, 0x00000007bf080000, 0x00000007c0000000)
  eden space 2401280K, 0% used [0x0000000715b80000,0x0000000715b80000,0x00000007a8480000)
  from space 188416K, 57% used [0x00000007b3780000,0x00000007ba207718,0x00000007bef80000)
  to   space 183296K, 0% used [0x00000007a8480000,0x00000007a8480000,0x00000007b3780000)
 ParOldGen       total 544256K, used 500883K [0x00000005c1200000, 0x00000005e2580000, 0x0000000715b80000)
  object space 544256K, 92% used [0x00000005c1200000,0x00000005dfb24d50,0x00000005e2580000)
 Metaspace       used 32604K, capacity 33056K, committed 33408K, reserved 1079296K
  class space    used 3819K, capacity 3937K, committed 3968K, reserved 1048576K
}
Event: 2248.745 GC heap before
{Heap before GC invocations=46 (full 3):
 PSYoungGen      total 2589696K, used 2510365K [0x0000000715b80000, 0x00000007bf080000, 0x00000007c0000000)
  eden space 2401280K, 100% used [0x0000000715b80000,0x00000007a8480000,0x00000007a8480000)
  from space 188416K, 57% used [0x00000007b3780000,0x00000007ba207718,0x00000007bef80000)
  to   space 183296K, 0% used [0x00000007a8480000,0x00000007a8480000,0x00000007b3780000)
 ParOldGen       total 544256K, used 500883K [0x00000005c1200000, 0x00000005e2580000, 0x0000000715b80000)
  object space 544256K, 92% used [0x00000005c1200000,0x00000005dfb24d50,0x00000005e2580000)
 Metaspace       used 32621K, capacity 33056K, committed 33408K, reserved 1079296K
  class space    used 3820K, capacity 3937K, committed 3968K, reserved 1048576K
Event: 2248.779 GC heap after
Heap after GC invocations=46 (full 3):
 PSYoungGen      total 2584576K, used 111285K [0x0000000715b80000, 0x00000007bf000000, 0x00000007c0000000)
  eden space 2401280K, 0% used [0x0000000715b80000,0x0000000715b80000,0x00000007a8480000)
  from space 183296K, 60% used [0x00000007a8480000,0x00000007af12d440,0x00000007b3780000)
  to   space 177664K, 0% used [0x00000007b4280000,0x00000007b4280000,0x00000007bf000000)
 ParOldGen       total 544256K, used 520635K [0x00000005c1200000, 0x00000005e2580000, 0x0000000715b80000)
  object space 544256K, 95% used [0x00000005c1200000,0x00000005e0e6ef90,0x00000005e2580000)
 Metaspace       used 32621K, capacity 33056K, committed 33408K, reserved 1079296K
  class space    used 3820K, capacity 3937K, committed 3968K, reserved 1048576K
}
Event: 2248.779 GC heap before
{Heap before GC invocations=47 (full 4):
 PSYoungGen      total 2584576K, used 111285K [0x0000000715b80000, 0x00000007bf000000, 0x00000007c0000000)
  eden space 2401280K, 0% used [0x0000000715b80000,0x0000000715b80000,0x00000007a8480000)
  from space 183296K, 60% used [0x00000007a8480000,0x00000007af12d440,0x00000007b3780000)
  to   space 177664K, 0% used [0x00000007b4280000,0x00000007b4280000,0x00000007bf000000)
 ParOldGen       total 544256K, used 520635K [0x00000005c1200000, 0x00000005e2580000, 0x0000000715b80000)
  object space 544256K, 95% used [0x00000005c1200000,0x00000005e0e6ef90,0x00000005e2580000)
 Metaspace       used 32621K, capacity 33056K, committed 33408K, reserved 1079296K
  class space    used 3820K, capacity 3937K, committed 3968K, reserved 1048576K
Event: 2249.681 GC heap after
Heap after GC invocations=47 (full 4):
 PSYoungGen      total 2584576K, used 0K [0x0000000715b80000, 0x00000007bf000000, 0x00000007c0000000)
  eden space 2401280K, 0% used [0x0000000715b80000,0x0000000715b80000,0x00000007a8480000)
  from space 183296K, 0% used [0x00000007a8480000,0x00000007a8480000,0x00000007b3780000)
  to   space 177664K, 0% used [0x00000007b4280000,0x00000007b4280000,0x00000007bf000000)
 ParOldGen       total 813056K, used 536673K [0x00000005c1200000, 0x00000005f2c00000, 0x0000000715b80000)
  object space 813056K, 66% used [0x00000005c1200000,0x00000005e1e18680,0x00000005f2c00000)
 Metaspace       used 32621K, capacity 33056K, committed 33408K, reserved 1079296K
  class space    used 3820K, capacity 3937K, committed 3968K, reserved 1048576K
}

